<?xml version="1.0" encoding="UTF-8"?>
<!-- Generated by org.testng.reporters.JUnitReportReporter -->
<testsuite hostname="BRILAP4327" failures="0" tests="1" name="azureCICD.Test4" time="0.033" errors="0" timestamp="2022-03-01T18:17:33 IST" skipped="0">
  <testcase classname="azureCICD.Test4" name="ReaddataAndCompare" time="0.033"/>
  <system-out/>
</testsuite> <!-- azureCICD.Test4 -->
