<?xml version="1.0" encoding="UTF-8"?>
<!-- Generated by org.testng.reporters.JUnitReportReporter -->
<testsuite hostname="BRILAP4327" failures="0" tests="4" name="azureCICD.Test1" time="0.017" errors="0" timestamp="2022-03-02T15:21:04 IST" skipped="1">
  <testcase classname="azureCICD.Test1" name="failme" time="0.015"/>
  <system-out/>
  <testcase classname="azureCICD.Test1" name="whoisme" time="0.001"/>
  <system-out/>
  <testcase classname="azureCICD.Test1" name="printme" time="0.001"/>
  <system-out/>
  <testcase classname="azureCICD.Test1" name="skipme">
    <skipped/>
  </testcase> <!-- skipme -->
  <system-out/>
</testsuite> <!-- azureCICD.Test1 -->
