<?xml version="1.0" encoding="UTF-8"?>
<!-- Generated by org.testng.reporters.JUnitReportReporter -->
<testsuite hostname="BRILAP4327" failures="0" tests="1" name="azureCICD.Test6CSV" time="0.045" errors="0" timestamp="2022-03-03T11:01:44 IST" skipped="0">
  <testcase classname="azureCICD.Test6CSV" name="test5excel" time="0.045"/>
  <system-out/>
</testsuite> <!-- azureCICD.Test6CSV -->
